2025-10-01 23:36:56,547 - bot.py - INFO - Bootstrapping reference prices for entire window
2025-10-01 23:36:56,547 - bot.py - INFO - Bootstrapping ETHZ25: start 2025-09-30 15:36:56.547023, stop 2025-10-01 14:36:56.547023
2025-10-01 23:36:56,698 - bot.py - INFO - Bootstrapping ETHUSDZ25: start 2025-09-30 15:36:56.547023, stop 2025-10-01 14:36:56.547023
2025-10-01 23:36:56,852 - bot.py - INFO - Bootstrapping XBTZ25: start 2025-09-30 15:36:56.547023, stop 2025-10-01 14:36:56.547023
2025-10-01 23:36:56,999 - bot.py - INFO - Calculating reference signals and their mean & std
2025-10-01 23:36:56,999 - bot.py - INFO - processor.init SUCCESS
2025-10-01 23:36:56,999 - bot.py - INFO - Initial cfg state: {'comments': 'window_size is in days, stoploss_pts is decimal (0.05=5%), +-1 of tickers refers to relative direction in their respective portfolio', 'ticker_list': ['ETHZ25', 'ETHUSDZ25', 'XBTZ25'], 'ticker_info': {'ETHZ25': {'portfolio': 'A', 'rel_direction': 1, 'ref_prices': [{'timestamp': '2025-09-30T16:00:00.000Z', 'symbol': 'ETHZ25', 'bidPrice': 0.03644, 'askPrice': 0.03667}, {'timestamp': '2025-09-30T17:00:00.000Z', 'symbol': 'ETHZ25', 'bidPrice': 0.03643, 'askPrice': 0.03657}, {'timestamp': '2025-09-30T18:00:00.000Z', 'symbol': 'ETHZ25', 'bidPrice': 0.03617, 'askPrice': 0.03645}, {'timestamp': '2025-09-30T19:00:00.000Z', 'symbol': 'ETHZ25', 'bidPrice': 0.03619, 'askPrice': 0.03646}, {'timestamp': '2025-09-30T20:00:00.000Z', 'symbol': 'ETHZ25', 'bidPrice': 0.03635, 'askPrice': 0.03664}, {'timestamp': '2025-09-30T21:00:00.000Z', 'symbol': 'ETHZ25', 'bidPrice': 0.03658, 'askPrice': 0.03688}, {'timestamp': '2025-09-30T22:00:00.000Z', 'symbol': 'ETHZ25', 'bidPrice': 0.03638, 'askPrice': 0.03667}, {'timestamp': '2025-09-30T23:00:00.000Z', 'symbol': 'ETHZ25', 'bidPrice': 0.03654, 'askPrice': 0.03659}, {'timestamp': '2025-10-01T00:00:00.000Z', 'symbol': 'ETHZ25', 'bidPrice': 0.03632, 'askPrice': 0.03663}, {'timestamp': '2025-10-01T01:00:00.000Z', 'symbol': 'ETHZ25', 'bidPrice': 0.03629, 'askPrice': 0.03656}, {'timestamp': '2025-10-01T02:00:00.000Z', 'symbol': 'ETHZ25', 'bidPrice': 0.03641, 'askPrice': 0.03672}, {'timestamp': '2025-10-01T03:00:00.000Z', 'symbol': 'ETHZ25', 'bidPrice': 0.03633, 'askPrice': 0.03663}, {'timestamp': '2025-10-01T04:00:00.000Z', 'symbol': 'ETHZ25', 'bidPrice': 0.0363, 'askPrice': 0.03644}, {'timestamp': '2025-10-01T05:00:00.000Z', 'symbol': 'ETHZ25', 'bidPrice': 0.0364, 'askPrice': 0.03648}, {'timestamp': '2025-10-01T06:00:00.000Z', 'symbol': 'ETHZ25', 'bidPrice': 0.0364, 'askPrice': 0.03647}, {'timestamp': '2025-10-01T07:00:00.000Z', 'symbol': 'ETHZ25', 'bidPrice': 0.0363, 'askPrice': 0.03637}, {'timestamp': '2025-10-01T08:00:00.000Z', 'symbol': 'ETHZ25', 'bidPrice': 0.03617, 'askPrice': 0.03645}, {'timestamp': '2025-10-01T09:00:00.000Z', 'symbol': 'ETHZ25', 'bidPrice': 0.03691, 'askPrice': 0.03724}, {'timestamp': '2025-10-01T10:00:00.000Z', 'symbol': 'ETHZ25', 'bidPrice': 0.03702, 'askPrice': 0.03733}, {'timestamp': '2025-10-01T11:00:00.000Z', 'symbol': 'ETHZ25', 'bidPrice': 0.03679, 'askPrice': 0.03713}, {'timestamp': '2025-10-01T12:00:00.000Z', 'symbol': 'ETHZ25', 'bidPrice': 0.0371, 'askPrice': 0.03712}, {'timestamp': '2025-10-01T13:00:00.000Z', 'symbol': 'ETHZ25', 'bidPrice': 0.037, 'askPrice': 0.03701}, {'timestamp': '2025-10-01T14:00:00.000Z', 'symbol': 'ETHZ25', 'bidPrice': 0.0369, 'askPrice': 0.037}, {'timestamp': '2025-10-01T15:00:00.000Z', 'symbol': 'ETHZ25', 'bidPrice': 0.037, 'askPrice': 0.03706}], 'impact_px': {}}, 'ETHUSDZ25': {'portfolio': 'B', 'rel_direction': 1, 'ref_prices': [{'timestamp': '2025-09-30T16:00:00.000Z', 'symbol': 'ETHUSDZ25', 'bidPrice': 4272.9, 'askPrice': 4322.55}, {'timestamp': '2025-09-30T17:00:00.000Z', 'symbol': 'ETHUSDZ25', 'bidPrice': 4272.9, 'askPrice': 4298.9}, {'timestamp': '2025-09-30T18:00:00.000Z', 'symbol': 'ETHUSDZ25', 'bidPrice': 4272.9, 'askPrice': 4299}, {'timestamp': '2025-09-30T19:00:00.000Z', 'symbol': 'ETHUSDZ25', 'bidPrice': 4272.9, 'askPrice': 4299}, {'timestamp': '2025-09-30T20:00:00.000Z', 'symbol': 'ETHUSDZ25', 'bidPrice': 4312.7, 'askPrice': 4367.6}, {'timestamp': '2025-09-30T21:00:00.000Z', 'symbol': 'ETHUSDZ25', 'bidPrice': 4343.05, 'askPrice': 4399.4}, {'timestamp': '2025-09-30T22:00:00.000Z', 'symbol': 'ETHUSDZ25', 'bidPrice': 4304.6, 'askPrice': 4359.15}, {'timestamp': '2025-09-30T23:00:00.000Z', 'symbol': 'ETHUSDZ25', 'bidPrice': 4312.85, 'askPrice': 4344.75}, {'timestamp': '2025-10-01T00:00:00.000Z', 'symbol': 'ETHUSDZ25', 'bidPrice': 4293.85, 'askPrice': 4347.75}, {'timestamp': '2025-10-01T01:00:00.000Z', 'symbol': 'ETHUSDZ25', 'bidPrice': 4302.15, 'askPrice': 4350.5}, {'timestamp': '2025-10-01T02:00:00.000Z', 'symbol': 'ETHUSDZ25', 'bidPrice': 4321.8, 'askPrice': 4373.8}, {'timestamp': '2025-10-01T03:00:00.000Z', 'symbol': 'ETHUSDZ25', 'bidPrice': 4322.2, 'askPrice': 4358.85}, {'timestamp': '2025-10-01T04:00:00.000Z', 'symbol': 'ETHUSDZ25', 'bidPrice': 4300.35, 'askPrice': 4331.95}, {'timestamp': '2025-10-01T05:00:00.000Z', 'symbol': 'ETHUSDZ25', 'bidPrice': 4300.35, 'askPrice': 4343.6}, {'timestamp': '2025-10-01T06:00:00.000Z', 'symbol': 'ETHUSDZ25', 'bidPrice': 4301.9, 'askPrice': 4349.35}, {'timestamp': '2025-10-01T07:00:00.000Z', 'symbol': 'ETHUSDZ25', 'bidPrice': 4301.9, 'askPrice': 4327.4}, {'timestamp': '2025-10-01T08:00:00.000Z', 'symbol': 'ETHUSDZ25', 'bidPrice': 4301.9, 'askPrice': 4348.9}, {'timestamp': '2025-10-01T09:00:00.000Z', 'symbol': 'ETHUSDZ25', 'bidPrice': 4447.1, 'askPrice': 4502.65}, {'timestamp': '2025-10-01T10:00:00.000Z', 'symbol': 'ETHUSDZ25', 'bidPrice': 4470.15, 'askPrice': 4523}, {'timestamp': '2025-10-01T11:00:00.000Z', 'symbol': 'ETHUSDZ25', 'bidPrice': 4456, 'askPrice': 4493.7}, {'timestamp': '2025-10-01T12:00:00.000Z', 'symbol': 'ETHUSDZ25', 'bidPrice': 4456, 'askPrice': 4509.7}, {'timestamp': '2025-10-01T13:00:00.000Z', 'symbol': 'ETHUSDZ25', 'bidPrice': 4456, 'askPrice': 4496.45}, {'timestamp': '2025-10-01T14:00:00.000Z', 'symbol': 'ETHUSDZ25', 'bidPrice': 4456, 'askPrice': 4509.45}, {'timestamp': '2025-10-01T15:00:00.000Z', 'symbol': 'ETHUSDZ25', 'bidPrice': 4479.6, 'askPrice': 4536.3}], 'impact_px': {}}, 'XBTZ25': {'portfolio': 'B', 'rel_direction': -1, 'ref_prices': [{'timestamp': '2025-09-30T16:00:00.000Z', 'symbol': 'XBTZ25', 'bidPrice': 115032, 'askPrice': 115086}, {'timestamp': '2025-09-30T17:00:00.000Z', 'symbol': 'XBTZ25', 'bidPrice': 114747.5, 'askPrice': 114775}, {'timestamp': '2025-09-30T18:00:00.000Z', 'symbol': 'XBTZ25', 'bidPrice': 115164, 'askPrice': 115185.5}, {'timestamp': '2025-09-30T19:00:00.000Z', 'symbol': 'XBTZ25', 'bidPrice': 115610, 'askPrice': 115663.5}, {'timestamp': '2025-09-30T20:00:00.000Z', 'symbol': 'XBTZ25', 'bidPrice': 116256, 'askPrice': 116301.5}, {'timestamp': '2025-09-30T21:00:00.000Z', 'symbol': 'XBTZ25', 'bidPrice': 116520, 'askPrice': 116578.5}, {'timestamp': '2025-09-30T22:00:00.000Z', 'symbol': 'XBTZ25', 'bidPrice': 116040, 'askPrice': 116078}, {'timestamp': '2025-09-30T23:00:00.000Z', 'symbol': 'XBTZ25', 'bidPrice': 115828, 'askPrice': 115887}, {'timestamp': '2025-10-01T00:00:00.000Z', 'symbol': 'XBTZ25', 'bidPrice': 115935, 'askPrice': 115984.5}, {'timestamp': '2025-10-01T01:00:00.000Z', 'symbol': 'XBTZ25', 'bidPrice': 116123, 'askPrice': 116191.5}, {'timestamp': '2025-10-01T02:00:00.000Z', 'symbol': 'XBTZ25', 'bidPrice': 116448, 'askPrice': 116463}, {'timestamp': '2025-10-01T03:00:00.000Z', 'symbol': 'XBTZ25', 'bidPrice': 116160.5, 'askPrice': 116210}, {'timestamp': '2025-10-01T04:00:00.000Z', 'symbol': 'XBTZ25', 'bidPrice': 116074, 'askPrice': 116105}, {'timestamp': '2025-10-01T05:00:00.000Z', 'symbol': 'XBTZ25', 'bidPrice': 116194, 'askPrice': 116250.5}, {'timestamp': '2025-10-01T06:00:00.000Z', 'symbol': 'XBTZ25', 'bidPrice': 116458, 'askPrice': 116530}, {'timestamp': '2025-10-01T07:00:00.000Z', 'symbol': 'XBTZ25', 'bidPrice': 116169.5, 'askPrice': 116206}, {'timestamp': '2025-10-01T08:00:00.000Z', 'symbol': 'XBTZ25', 'bidPrice': 116441.5, 'askPrice': 116500.5}, {'timestamp': '2025-10-01T09:00:00.000Z', 'symbol': 'XBTZ25', 'bidPrice': 118017.5, 'askPrice': 118118}, {'timestamp': '2025-10-01T10:00:00.000Z', 'symbol': 'XBTZ25', 'bidPrice': 118386, 'askPrice': 118419}, {'timestamp': '2025-10-01T11:00:00.000Z', 'symbol': 'XBTZ25', 'bidPrice': 118232, 'askPrice': 118250.5}, {'timestamp': '2025-10-01T12:00:00.000Z', 'symbol': 'XBTZ25', 'bidPrice': 118746.5, 'askPrice': 118788.5}, {'timestamp': '2025-10-01T13:00:00.000Z', 'symbol': 'XBTZ25', 'bidPrice': 118360, 'askPrice': 118406.5}, {'timestamp': '2025-10-01T14:00:00.000Z', 'symbol': 'XBTZ25', 'bidPrice': 118624, 'askPrice': 118873.5}, {'timestamp': '2025-10-01T15:00:00.000Z', 'symbol': 'XBTZ25', 'bidPrice': 119277, 'askPrice': 119300}], 'impact_px': {}}}, 'last_update': '2025-10-01T15:36:56.547023Z', 'timestamp_format': '%Y-%m-%dT%H:%M:%S.%fZ', 'window_size': 1, 'update_interval': '1h', 'ref_signals': {'short': {'data': deque([0.9697438040045805, 0.9724002477377934, 0.9689420516399163, 0.9732323563619446, 0.9675578349665719, 0.9688370232304406, 0.9684308179346892, 0.9741308751941999, 0.9684915646023806, 0.9686481255028159, 0.9693794137820658, 0.9681707250765683, 0.972653470146239, 0.9737226263928538, 0.9746447630105648, 0.9744772496187087, 0.9684492756789074, 0.9674360487712792, 0.9689696484634093, 0.9679674388588471, 0.9768931747122869, 0.9739505609981208, 0.9706783754116356, 0.9728741485351496]), 'mean': 0.9708617341929987, 'std': 0.0028190600030986138}, 'long': {'data': deque([0.9876673032366778, 0.982312188443446, 0.9825906234641579, 0.9869388962999369, 0.9880786885245901, 0.9899529316954676, 0.9888445523393579, 0.983179412685347, 0.9894412322274883, 0.9874042606603677, 0.9895231986672222, 0.9848624080329463, 0.9838422919064727, 0.9861565314451148, 0.9879004858318419, 0.9824524558915828, 0.9871087717055256, 0.9891197229655281, 0.9889111707660817, 0.9853323754488331, 0.9895487253141831, 0.9834435738330342, 0.9870555430879713, 0.986976069291901]), 'mean': 0.9866101422402115, 'std': 0.002514488410216027}}, 'notional': 1000, 'thresholds': {'short': {'open_std': 1.25, 'stoploss_pts': 0.05, 'takeprofit_std': 0.25}, 'long': {'open_std': -1.25, 'stoploss_pts': 0.05, 'takeprofit_std': -0.25}}, 'position': {'state': None, 'signal': None, 'entry_px': {'A': None, 'B': None}}, 'leverage': 2}
2025-10-02 15:06:25,653 - bot.py - INFO - Bootstrapping reference prices for entire window
2025-10-02 15:06:39,598 - bot.py - INFO - Bootstrapping reference prices for entire window
2025-10-02 15:06:39,598 - bot.py - INFO - Bootstrapping ETHZ25: start 2025-10-01 07:06:39.598780, stop 2025-10-02 06:06:39.598780
2025-10-02 15:06:39,921 - bot.py - INFO - Bootstrapping ETHUSDZ25: start 2025-10-01 07:06:39.598780, stop 2025-10-02 06:06:39.598780
2025-10-02 15:06:40,083 - bot.py - INFO - Bootstrapping XBTZ25: start 2025-10-01 07:06:39.598780, stop 2025-10-02 06:06:39.598780
2025-10-02 15:06:40,230 - bot.py - INFO - Calculating reference signals and their mean & std
2025-10-02 15:06:40,235 - bot.py - INFO - processor.init SUCCESS
2025-10-02 15:12:15,737 - bot.py - INFO - Bootstrapping reference prices for entire window
2025-10-02 15:12:15,737 - bot.py - INFO - Bootstrapping ETHZ25: start 2025-10-01 07:12:15.737913, stop 2025-10-02 06:12:15.737913
2025-10-02 15:12:15,894 - bot.py - INFO - Bootstrapping ETHUSDZ25: start 2025-10-01 07:12:15.737913, stop 2025-10-02 06:12:15.737913
2025-10-02 15:12:16,031 - bot.py - INFO - Bootstrapping XBTZ25: start 2025-10-01 07:12:15.737913, stop 2025-10-02 06:12:15.737913
2025-10-02 15:12:16,174 - bot.py - INFO - Calculating reference signals and their mean & std
2025-10-02 15:12:16,174 - bot.py - INFO - processor.init SUCCESS
2025-10-02 15:41:17,123 - bot.py - INFO - Bootstrapping reference prices for entire window
2025-10-02 15:41:17,123 - bot.py - INFO - Bootstrapping ETHZ25: start 2025-10-01 07:41:17.123016, stop 2025-10-02 06:41:17.123016
2025-10-02 15:41:17,270 - bot.py - INFO - Bootstrapping ETHUSDZ25: start 2025-10-01 07:41:17.123016, stop 2025-10-02 06:41:17.123016
2025-10-02 15:41:17,426 - bot.py - INFO - Bootstrapping XBTZ25: start 2025-10-01 07:41:17.123016, stop 2025-10-02 06:41:17.123016
2025-10-02 15:41:17,582 - bot.py - INFO - Calculating reference signals and their mean & std
2025-10-02 15:41:17,582 - bot.py - INFO - processor.init SUCCESS
2025-10-02 15:44:16,442 - bot.py - INFO - Bootstrapping reference prices for entire window
2025-10-02 15:44:16,442 - bot.py - INFO - Bootstrapping ETHZ25: start 2025-10-01 07:44:16.442908, stop 2025-10-02 06:44:16.442908
2025-10-02 15:44:16,592 - bot.py - INFO - Bootstrapping ETHUSDZ25: start 2025-10-01 07:44:16.442908, stop 2025-10-02 06:44:16.442908
2025-10-02 15:44:16,749 - bot.py - INFO - Bootstrapping XBTZ25: start 2025-10-01 07:44:16.442908, stop 2025-10-02 06:44:16.442908
2025-10-02 15:44:16,906 - bot.py - INFO - Calculating reference signals and their mean & std
2025-10-02 15:44:16,906 - bot.py - INFO - processor.init SUCCESS
2025-10-02 15:45:02,873 - bot.py - INFO - Bootstrapping reference prices for entire window
2025-10-02 15:45:02,873 - bot.py - INFO - Bootstrapping ETHZ25: start 2025-10-01 07:45:02.873750, stop 2025-10-02 06:45:02.873750
2025-10-02 15:45:03,033 - bot.py - INFO - Bootstrapping ETHUSDZ25: start 2025-10-01 07:45:02.873750, stop 2025-10-02 06:45:02.873750
2025-10-02 15:45:03,190 - bot.py - INFO - Bootstrapping XBTZ25: start 2025-10-01 07:45:02.873750, stop 2025-10-02 06:45:02.873750
2025-10-02 15:45:03,357 - bot.py - INFO - Calculating reference signals and their mean & std
2025-10-02 15:45:03,357 - bot.py - INFO - processor.init SUCCESS
2025-10-02 15:45:42,841 - bot.py - INFO - Bootstrapping reference prices for entire window
2025-10-02 15:45:42,841 - bot.py - INFO - Bootstrapping ETHZ25: start 2025-10-01 07:45:42.841827, stop 2025-10-02 06:45:42.841827
2025-10-02 15:45:42,986 - bot.py - INFO - Bootstrapping ETHUSDZ25: start 2025-10-01 07:45:42.841827, stop 2025-10-02 06:45:42.841827
2025-10-02 15:45:43,142 - bot.py - INFO - Bootstrapping XBTZ25: start 2025-10-01 07:45:42.841827, stop 2025-10-02 06:45:42.841827
2025-10-02 15:45:43,283 - bot.py - INFO - Calculating reference signals and their mean & std
2025-10-02 15:45:43,283 - bot.py - INFO - processor.init SUCCESS
2025-10-02 15:46:49,380 - bot.py - INFO - Bootstrapping reference prices for entire window
2025-10-02 15:46:49,380 - bot.py - INFO - Bootstrapping ETHZ25: start 2025-10-01 07:46:49.380549, stop 2025-10-02 06:46:49.380549
2025-10-02 15:46:49,572 - bot.py - INFO - Bootstrapping ETHUSDZ25: start 2025-10-01 07:46:49.380549, stop 2025-10-02 06:46:49.380549
2025-10-02 15:46:49,721 - bot.py - INFO - Bootstrapping XBTZ25: start 2025-10-01 07:46:49.380549, stop 2025-10-02 06:46:49.380549
2025-10-02 15:46:49,869 - bot.py - INFO - Calculating reference signals and their mean & std
2025-10-02 15:46:49,869 - bot.py - INFO - processor.init SUCCESS
2025-10-02 15:47:28,658 - bot.py - INFO - Bootstrapping reference prices for entire window
2025-10-02 15:47:28,658 - bot.py - INFO - Bootstrapping ETHZ25: start 2025-10-01 07:47:28.658304, stop 2025-10-02 06:47:28.658304
2025-10-02 15:47:28,808 - bot.py - INFO - Bootstrapping ETHUSDZ25: start 2025-10-01 07:47:28.658304, stop 2025-10-02 06:47:28.658304
2025-10-02 15:47:28,952 - bot.py - INFO - Bootstrapping XBTZ25: start 2025-10-01 07:47:28.658304, stop 2025-10-02 06:47:28.658304
2025-10-02 15:47:29,100 - bot.py - INFO - Calculating reference signals and their mean & std
2025-10-02 15:47:29,100 - bot.py - INFO - processor.init SUCCESS
2025-10-02 15:51:20,203 - bot.py - INFO - Bootstrapping reference prices for entire window
2025-10-02 15:51:20,203 - bot.py - INFO - Bootstrapping ETHZ25: start 2025-10-01 07:51:20.201450, stop 2025-10-02 06:51:20.201450
2025-10-02 15:51:20,400 - bot.py - INFO - Bootstrapping ETHUSDZ25: start 2025-10-01 07:51:20.201450, stop 2025-10-02 06:51:20.201450
2025-10-02 15:51:20,545 - bot.py - INFO - Bootstrapping XBTZ25: start 2025-10-01 07:51:20.201450, stop 2025-10-02 06:51:20.201450
2025-10-02 15:51:20,675 - bot.py - INFO - Calculating reference signals and their mean & std
2025-10-02 15:51:20,685 - bot.py - INFO - processor.init SUCCESS
2025-10-02 15:52:50,036 - bot.py - INFO - Bootstrapping reference prices for entire window
2025-10-02 15:52:50,036 - bot.py - INFO - Bootstrapping ETHZ25: start 2025-10-01 07:52:50.036261, stop 2025-10-02 06:52:50.036261
2025-10-02 15:52:50,204 - bot.py - INFO - Bootstrapping ETHUSDZ25: start 2025-10-01 07:52:50.036261, stop 2025-10-02 06:52:50.036261
2025-10-02 15:52:50,360 - bot.py - INFO - Bootstrapping XBTZ25: start 2025-10-01 07:52:50.036261, stop 2025-10-02 06:52:50.036261
2025-10-02 15:52:50,494 - bot.py - INFO - Calculating reference signals and their mean & std
2025-10-02 15:52:50,494 - bot.py - INFO - processor.init SUCCESS
2025-10-02 15:53:19,727 - bot.py - INFO - Bootstrapping reference prices for entire window
2025-10-02 15:53:19,727 - bot.py - INFO - Bootstrapping ETHZ25: start 2025-10-01 07:53:19.727797, stop 2025-10-02 06:53:19.727797
2025-10-02 15:53:19,879 - bot.py - INFO - Bootstrapping ETHUSDZ25: start 2025-10-01 07:53:19.727797, stop 2025-10-02 06:53:19.727797
2025-10-02 15:53:20,031 - bot.py - INFO - Bootstrapping XBTZ25: start 2025-10-01 07:53:19.727797, stop 2025-10-02 06:53:19.727797
2025-10-02 15:53:20,168 - bot.py - INFO - Calculating reference signals and their mean & std
2025-10-02 15:53:20,168 - bot.py - INFO - processor.init SUCCESS
2025-10-02 15:57:53,142 - bot.py - INFO - Bootstrapping reference prices for entire window
2025-10-02 15:57:53,142 - bot.py - INFO - Bootstrapping ETHZ25: start 2025-10-01 07:57:53.142392, stop 2025-10-02 06:57:53.142392
2025-10-02 15:57:53,303 - bot.py - INFO - Bootstrapping ETHUSDZ25: start 2025-10-01 07:57:53.142392, stop 2025-10-02 06:57:53.142392
2025-10-02 15:57:53,463 - bot.py - INFO - Bootstrapping XBTZ25: start 2025-10-01 07:57:53.142392, stop 2025-10-02 06:57:53.142392
2025-10-02 15:57:53,613 - bot.py - INFO - Calculating reference signals and their mean & std
2025-10-02 15:57:53,613 - bot.py - INFO - processor.init SUCCESS
2025-10-02 16:00:49,013 - bot.py - INFO - Bootstrapping reference prices for entire window
2025-10-02 16:00:49,013 - bot.py - INFO - Bootstrapping ETHZ25: start 2025-10-01 08:00:49.011548, stop 2025-10-02 07:00:49.011548
2025-10-02 16:00:49,156 - bot.py - INFO - Bootstrapping XBTZ25: start 2025-10-01 08:00:49.011548, stop 2025-10-02 07:00:49.011548
2025-10-02 16:00:49,322 - bot.py - ERROR - Some or all tickers' ref_prices are empty in cfg. Check if supplied ticker is expired or requested time range is correct
2025-10-02 16:01:46,620 - bot.py - INFO - Bootstrapping reference prices for entire window
2025-10-02 16:01:46,620 - bot.py - INFO - Bootstrapping ETHZ25: start 2025-10-01 08:01:46.620615, stop 2025-10-02 07:01:46.620615
2025-10-02 16:01:46,781 - bot.py - INFO - Bootstrapping XBTZ25: start 2025-10-01 08:01:46.620615, stop 2025-10-02 07:01:46.620615
2025-10-02 16:01:46,951 - bot.py - INFO - Calculating reference signals and their mean & std
2025-10-02 16:01:56,494 - bot.py - INFO - Bootstrapping reference prices for entire window
2025-10-02 16:01:56,494 - bot.py - INFO - Bootstrapping ETHZ25: start 2025-10-01 08:01:56.494041, stop 2025-10-02 07:01:56.494041
2025-10-02 16:01:56,623 - bot.py - INFO - Bootstrapping ETHUSDZ25: start 2025-10-01 08:01:56.494041, stop 2025-10-02 07:01:56.494041
2025-10-02 16:01:56,793 - bot.py - INFO - Bootstrapping XBTZ25: start 2025-10-01 08:01:56.494041, stop 2025-10-02 07:01:56.494041
2025-10-02 16:01:56,921 - bot.py - INFO - Calculating reference signals and their mean & std
2025-10-02 16:01:56,921 - bot.py - INFO - processor.init SUCCESS
2025-10-02 16:12:18,908 - bot.py - INFO - Bootstrapping reference prices for entire window
2025-10-02 16:12:18,908 - bot.py - INFO - Bootstrapping ETHZ25: start 2025-10-01 08:12:18.908432, stop 2025-10-02 07:12:18.908432
2025-10-02 16:12:19,054 - bot.py - INFO - Bootstrapping ETHUSDZ25: start 2025-10-01 08:12:18.908432, stop 2025-10-02 07:12:18.908432
2025-10-02 16:12:19,207 - bot.py - INFO - Bootstrapping XBTZ25: start 2025-10-01 08:12:18.908432, stop 2025-10-02 07:12:18.908432
2025-10-02 16:12:19,354 - bot.py - INFO - Calculating reference signals and their mean & std
2025-10-02 16:12:19,354 - bot.py - INFO - processor.init SUCCESS
2025-10-02 16:19:50,067 - bot.py - INFO - Bootstrapping reference prices for entire window
2025-10-02 16:19:50,067 - bot.py - INFO - Bootstrapping ETHZ25: start 2025-10-01 08:19:50.067345, stop 2025-10-02 07:19:50.067345
2025-10-02 16:19:50,249 - bot.py - INFO - Bootstrapping ETHUSDZ25: start 2025-10-01 08:19:50.067345, stop 2025-10-02 07:19:50.067345
2025-10-02 16:19:50,405 - bot.py - INFO - Bootstrapping XBTZ25: start 2025-10-01 08:19:50.067345, stop 2025-10-02 07:19:50.067345
2025-10-02 16:19:50,548 - bot.py - INFO - Calculating reference signals and their mean & std
2025-10-02 16:19:50,548 - bot.py - INFO - processor.init SUCCESS
2025-10-02 16:20:29,346 - bot.py - INFO - Bootstrapping reference prices for entire window
2025-10-02 16:20:29,346 - bot.py - INFO - Bootstrapping ETHZ25: start 2025-10-01 08:20:29.346134, stop 2025-10-02 07:20:29.346134
2025-10-02 16:20:29,505 - bot.py - INFO - Bootstrapping ETHUSDZ25: start 2025-10-01 08:20:29.346134, stop 2025-10-02 07:20:29.346134
2025-10-02 16:20:29,665 - bot.py - INFO - Bootstrapping XBTZ25: start 2025-10-01 08:20:29.346134, stop 2025-10-02 07:20:29.346134
2025-10-02 16:20:29,803 - bot.py - INFO - Calculating reference signals and their mean & std
2025-10-02 16:20:29,803 - bot.py - INFO - processor.init SUCCESS
2025-10-02 16:21:54,641 - bot.py - INFO - Bootstrapping reference prices for entire window
2025-10-02 16:21:54,641 - bot.py - INFO - Bootstrapping ETHZ25: start 2025-10-01 08:21:54.641073, stop 2025-10-02 07:21:54.641073
2025-10-02 16:21:54,796 - bot.py - INFO - Bootstrapping ETHUSDZ25: start 2025-10-01 08:21:54.641073, stop 2025-10-02 07:21:54.641073
2025-10-02 16:21:54,947 - bot.py - INFO - Bootstrapping XBTZ25: start 2025-10-01 08:21:54.641073, stop 2025-10-02 07:21:54.641073
2025-10-02 16:21:55,087 - bot.py - INFO - Calculating reference signals and their mean & std
2025-10-02 16:21:55,087 - bot.py - INFO - processor.init SUCCESS
2025-10-02 16:43:58,690 - bot.py - INFO - Bootstrapping reference prices for entire window
2025-10-02 16:43:58,690 - bot.py - INFO - Bootstrapping ETHZ25: start 2025-10-01 08:43:58.690183, stop 2025-10-02 07:43:58.690183
2025-10-02 16:43:58,997 - bot.py - INFO - Bootstrapping ETHUSDZ25: start 2025-10-01 08:43:58.690183, stop 2025-10-02 07:43:58.690183
2025-10-02 16:43:59,129 - bot.py - INFO - Bootstrapping XBTZ25: start 2025-10-01 08:43:58.690183, stop 2025-10-02 07:43:58.690183
2025-10-02 16:43:59,269 - bot.py - INFO - Calculating reference signals and their mean & std
2025-10-02 16:43:59,269 - bot.py - INFO - processor.init SUCCESS
2025-10-02 16:46:31,602 - bot.py - INFO - Bootstrapping reference prices for entire window
2025-10-02 16:46:31,602 - bot.py - INFO - Bootstrapping ETHZ25: start 2025-10-01 08:46:31.591890, stop 2025-10-02 07:46:31.591890
2025-10-02 16:46:31,738 - bot.py - INFO - Bootstrapping ETHUSDZ25: start 2025-10-01 08:46:31.591890, stop 2025-10-02 07:46:31.591890
2025-10-02 16:46:31,888 - bot.py - INFO - Bootstrapping XBTZ25: start 2025-10-01 08:46:31.591890, stop 2025-10-02 07:46:31.591890
2025-10-02 16:46:32,029 - bot.py - INFO - Calculating reference signals and their mean & std
2025-10-02 16:46:32,030 - bot.py - INFO - processor.init SUCCESS
2025-10-02 17:31:37,833 - bot.py - INFO - Bootstrapping reference prices for entire window
2025-10-02 17:31:37,833 - bot.py - INFO - Bootstrapping ETHZ25: start 2025-10-01 09:31:37.833393, stop 2025-10-02 08:31:37.833393
2025-10-02 17:31:37,979 - bot.py - INFO - Bootstrapping ETHUSDZ25: start 2025-10-01 09:31:37.833393, stop 2025-10-02 08:31:37.833393
2025-10-02 17:31:38,099 - bot.py - INFO - Bootstrapping XBTZ25: start 2025-10-01 09:31:37.833393, stop 2025-10-02 08:31:37.833393
2025-10-02 17:31:38,250 - bot.py - INFO - Calculating reference signals and their mean & std
2025-10-02 17:31:38,250 - bot.py - INFO - processor.init SUCCESS
2025-10-02 17:54:56,201 - bot.py - INFO - Bootstrapping reference prices for entire window
2025-10-02 17:54:56,201 - bot.py - INFO - Bootstrapping ETHZ25: start 2025-10-01 09:54:56.201074, stop 2025-10-02 08:54:56.201074
2025-10-02 17:54:56,343 - bot.py - INFO - Bootstrapping ETHUSDZ25: start 2025-10-01 09:54:56.201074, stop 2025-10-02 08:54:56.201074
2025-10-02 17:54:56,485 - bot.py - INFO - Bootstrapping XBTZ25: start 2025-10-01 09:54:56.201074, stop 2025-10-02 08:54:56.201074
2025-10-02 17:54:56,627 - bot.py - INFO - Calculating reference signals and their mean & std
2025-10-02 17:54:56,628 - bot.py - INFO - processor.init SUCCESS
2025-10-02 18:04:20,255 - bot.py - INFO - Bootstrapping reference prices for entire window
2025-10-02 18:04:20,255 - bot.py - INFO - Bootstrapping ETHZ25: start 2025-10-01 10:04:20.255463, stop 2025-10-02 09:04:20.255463
2025-10-02 18:04:20,447 - bot.py - INFO - Bootstrapping ETHUSDZ25: start 2025-10-01 10:04:20.255463, stop 2025-10-02 09:04:20.255463
2025-10-02 18:04:20,599 - bot.py - INFO - Bootstrapping XBTZ25: start 2025-10-01 10:04:20.255463, stop 2025-10-02 09:04:20.255463
2025-10-02 18:04:20,769 - bot.py - INFO - Calculating reference signals and their mean & std
2025-10-02 18:04:20,769 - bot.py - INFO - processor.init SUCCESS
2025-10-02 18:04:47,922 - bot.py - INFO - Bootstrapping reference prices for entire window
2025-10-02 18:04:47,922 - bot.py - INFO - Bootstrapping ETHZ25: start 2025-10-01 10:04:47.922804, stop 2025-10-02 09:04:47.922804
2025-10-02 18:04:48,063 - bot.py - INFO - Bootstrapping ETHUSDZ25: start 2025-10-01 10:04:47.922804, stop 2025-10-02 09:04:47.922804
2025-10-02 18:04:48,201 - bot.py - INFO - Bootstrapping XBTZ25: start 2025-10-01 10:04:47.922804, stop 2025-10-02 09:04:47.922804
2025-10-02 18:04:48,333 - bot.py - INFO - Calculating reference signals and their mean & std
2025-10-02 18:04:48,333 - bot.py - INFO - processor.init SUCCESS
2025-10-02 18:29:32,199 - bot.py - INFO - Bootstrapping reference prices for entire window
2025-10-02 18:29:32,199 - bot.py - INFO - Bootstrapping ETHZ25: start 2025-10-01 10:29:32.199959, stop 2025-10-02 09:29:32.199959
2025-10-02 18:29:32,364 - bot.py - INFO - Bootstrapping ETHUSDZ25: start 2025-10-01 10:29:32.199959, stop 2025-10-02 09:29:32.199959
2025-10-02 18:29:32,514 - bot.py - INFO - Bootstrapping XBTZ25: start 2025-10-01 10:29:32.199959, stop 2025-10-02 09:29:32.199959
2025-10-02 18:29:32,661 - bot.py - INFO - Calculating reference signals and their mean & std
2025-10-02 18:29:32,661 - bot.py - INFO - processor.init SUCCESS
2025-10-02 18:56:50,925 - bot.py - INFO - Bootstrapping reference prices for entire window
2025-10-02 18:56:50,925 - bot.py - INFO - Bootstrapping ETHZ25: start 2025-10-01 10:56:50.925510, stop 2025-10-02 09:56:50.925510
2025-10-02 18:56:51,105 - bot.py - INFO - Bootstrapping ETHUSDZ25: start 2025-10-01 10:56:50.925510, stop 2025-10-02 09:56:50.925510
2025-10-02 18:56:51,254 - bot.py - INFO - Bootstrapping XBTZ25: start 2025-10-01 10:56:50.925510, stop 2025-10-02 09:56:50.925510
2025-10-02 18:56:51,398 - bot.py - INFO - Calculating reference signals and their mean & std
2025-10-02 18:56:51,398 - bot.py - INFO - processor.init SUCCESS
2025-10-02 19:33:53,669 - bot.py - INFO - Bootstrapping reference prices for entire window
2025-10-02 19:33:53,669 - bot.py - INFO - Bootstrapping ETHZ25: start 2025-10-01 11:33:53.661474, stop 2025-10-02 10:33:53.661474
2025-10-02 19:33:53,833 - bot.py - INFO - Bootstrapping ETHUSDZ25: start 2025-10-01 11:33:53.661474, stop 2025-10-02 10:33:53.661474
2025-10-02 19:33:53,958 - bot.py - INFO - Bootstrapping XBTZ25: start 2025-10-01 11:33:53.661474, stop 2025-10-02 10:33:53.661474
2025-10-02 19:33:54,112 - bot.py - INFO - Calculating reference signals and their mean & std
2025-10-02 19:33:54,112 - bot.py - INFO - processor.init SUCCESS
2025-10-02 19:34:44,265 - bot.py - INFO - Bootstrapping reference prices for entire window
2025-10-02 19:34:44,265 - bot.py - INFO - Bootstrapping ETHZ25: start 2025-10-01 11:34:44.263130, stop 2025-10-02 10:34:44.263130
2025-10-02 19:34:44,417 - bot.py - INFO - Bootstrapping ETHUSDZ25: start 2025-10-01 11:34:44.263130, stop 2025-10-02 10:34:44.263130
2025-10-02 19:34:44,564 - bot.py - INFO - Bootstrapping XBTZ25: start 2025-10-01 11:34:44.263130, stop 2025-10-02 10:34:44.263130
2025-10-02 19:34:44,723 - bot.py - INFO - Calculating reference signals and their mean & std
2025-10-02 19:34:44,723 - bot.py - INFO - processor.init SUCCESS
2025-10-02 19:35:37,426 - bot.py - INFO - Bootstrapping reference prices for entire window
2025-10-02 19:35:37,426 - bot.py - INFO - Bootstrapping ETHZ25: start 2025-10-01 11:35:37.426652, stop 2025-10-02 10:35:37.426652
2025-10-02 19:35:37,586 - bot.py - INFO - Bootstrapping ETHUSDZ25: start 2025-10-01 11:35:37.426652, stop 2025-10-02 10:35:37.426652
2025-10-02 19:35:37,723 - bot.py - INFO - Bootstrapping XBTZ25: start 2025-10-01 11:35:37.426652, stop 2025-10-02 10:35:37.426652
2025-10-02 19:35:37,890 - bot.py - INFO - Calculating reference signals and their mean & std
2025-10-02 19:35:37,890 - bot.py - INFO - processor.init SUCCESS
2025-10-02 19:35:53,686 - bot.py - INFO - Bootstrapping reference prices for entire window
2025-10-02 19:35:53,686 - bot.py - INFO - Bootstrapping ETHZ25: start 2025-10-01 11:35:53.686368, stop 2025-10-02 10:35:53.686368
2025-10-02 19:35:53,849 - bot.py - INFO - Bootstrapping ETHUSDZ25: start 2025-10-01 11:35:53.686368, stop 2025-10-02 10:35:53.686368
2025-10-02 19:35:54,005 - bot.py - INFO - Bootstrapping XBTZ25: start 2025-10-01 11:35:53.686368, stop 2025-10-02 10:35:53.686368
2025-10-02 19:35:54,130 - bot.py - INFO - Calculating reference signals and their mean & std
2025-10-02 19:35:54,130 - bot.py - INFO - processor.init SUCCESS
2025-10-02 19:36:19,726 - bot.py - INFO - Bootstrapping reference prices for entire window
2025-10-02 19:36:19,726 - bot.py - INFO - Bootstrapping ETHZ25: start 2025-10-01 11:36:19.726177, stop 2025-10-02 10:36:19.726177
2025-10-02 19:36:19,868 - bot.py - INFO - Bootstrapping ETHUSDZ25: start 2025-10-01 11:36:19.726177, stop 2025-10-02 10:36:19.726177
2025-10-02 19:36:20,020 - bot.py - INFO - Bootstrapping XBTZ25: start 2025-10-01 11:36:19.726177, stop 2025-10-02 10:36:19.726177
2025-10-02 19:36:20,175 - bot.py - INFO - Calculating reference signals and their mean & std
2025-10-02 19:36:20,175 - bot.py - INFO - processor.init SUCCESS
2025-10-02 19:36:43,047 - bot.py - INFO - Bootstrapping reference prices for entire window
2025-10-02 19:36:43,047 - bot.py - INFO - Bootstrapping ETHZ25: start 2025-10-01 11:36:43.046626, stop 2025-10-02 10:36:43.046626
2025-10-02 19:36:43,193 - bot.py - INFO - Bootstrapping ETHUSDZ25: start 2025-10-01 11:36:43.046626, stop 2025-10-02 10:36:43.046626
2025-10-02 19:36:43,336 - bot.py - INFO - Bootstrapping XBTZ25: start 2025-10-01 11:36:43.046626, stop 2025-10-02 10:36:43.046626
2025-10-02 19:36:43,503 - bot.py - INFO - Calculating reference signals and their mean & std
2025-10-02 19:36:43,503 - bot.py - INFO - processor.init SUCCESS
2025-10-02 19:50:01,060 - bot.py - INFO - Bootstrapping reference prices for entire window
2025-10-02 19:50:01,060 - bot.py - INFO - Bootstrapping ETHZ25: start 2025-10-01 11:50:01.060967, stop 2025-10-02 10:50:01.060967
2025-10-02 19:50:01,209 - bot.py - INFO - Bootstrapping ETHUSDZ25: start 2025-10-01 11:50:01.060967, stop 2025-10-02 10:50:01.060967
2025-10-02 19:50:01,351 - bot.py - INFO - Bootstrapping XBTZ25: start 2025-10-01 11:50:01.060967, stop 2025-10-02 10:50:01.060967
2025-10-02 19:50:01,661 - bot.py - INFO - Calculating reference signals and their mean & std
2025-10-02 19:50:01,661 - bot.py - INFO - processor.init SUCCESS
2025-10-02 19:52:57,202 - bot.py - INFO - Bootstrapping reference prices for entire window
2025-10-02 19:52:57,202 - bot.py - INFO - Bootstrapping ETHZ25: start 2025-10-01 11:52:57.187278, stop 2025-10-02 10:52:57.187278
2025-10-02 19:52:57,344 - bot.py - INFO - Bootstrapping ETHUSDZ25: start 2025-10-01 11:52:57.187278, stop 2025-10-02 10:52:57.187278
2025-10-02 19:52:57,493 - bot.py - INFO - Bootstrapping XBTZ25: start 2025-10-01 11:52:57.187278, stop 2025-10-02 10:52:57.187278
2025-10-02 19:52:57,640 - bot.py - INFO - Calculating reference signals and their mean & std
2025-10-02 19:52:57,654 - bot.py - INFO - processor.init SUCCESS
2025-10-02 19:55:38,723 - bot.py - INFO - Bootstrapping reference prices for entire window
2025-10-02 19:55:38,723 - bot.py - INFO - Bootstrapping ETHZ25: start 2025-10-01 11:55:38.721631, stop 2025-10-02 10:55:38.721631
2025-10-02 19:55:38,872 - bot.py - INFO - Bootstrapping ETHUSDZ25: start 2025-10-01 11:55:38.721631, stop 2025-10-02 10:55:38.721631
2025-10-02 19:55:39,013 - bot.py - INFO - Bootstrapping XBTZ25: start 2025-10-01 11:55:38.721631, stop 2025-10-02 10:55:38.721631
2025-10-02 19:55:39,161 - bot.py - INFO - Calculating reference signals and their mean & std
2025-10-02 19:55:39,162 - bot.py - INFO - processor.init SUCCESS
2025-10-02 19:56:53,024 - bot.py - INFO - Bootstrapping reference prices for entire window
2025-10-02 19:56:53,024 - bot.py - INFO - Bootstrapping ETHZ25: start 2025-10-01 11:56:53.023027, stop 2025-10-02 10:56:53.023027
2025-10-02 19:56:53,178 - bot.py - INFO - Bootstrapping ETHUSDZ25: start 2025-10-01 11:56:53.023027, stop 2025-10-02 10:56:53.023027
2025-10-02 19:56:53,311 - bot.py - INFO - Bootstrapping XBTZ25: start 2025-10-01 11:56:53.023027, stop 2025-10-02 10:56:53.023027
2025-10-02 19:56:53,459 - bot.py - INFO - Calculating reference signals and their mean & std
2025-10-02 19:56:53,459 - bot.py - INFO - processor.init SUCCESS
2025-10-02 20:15:05,082 - bot.py - INFO - Bootstrapping reference prices for entire window
2025-10-02 20:15:05,082 - bot.py - INFO - Bootstrapping ETHZ25: start 2025-10-01 12:15:05.067222, stop 2025-10-02 11:15:05.067222
2025-10-02 20:15:05,254 - bot.py - INFO - Bootstrapping ETHUSDZ25: start 2025-10-01 12:15:05.067222, stop 2025-10-02 11:15:05.067222
2025-10-02 20:15:05,411 - bot.py - INFO - Bootstrapping XBTZ25: start 2025-10-01 12:15:05.067222, stop 2025-10-02 11:15:05.067222
2025-10-02 20:15:05,560 - bot.py - INFO - Calculating reference signals and their mean & std
2025-10-02 20:15:05,560 - bot.py - INFO - processor.init SUCCESS
2025-10-02 20:16:27,005 - bot.py - INFO - Bootstrapping reference prices for entire window
2025-10-02 20:16:27,005 - bot.py - INFO - Bootstrapping ETHZ25: start 2025-10-01 12:16:27.005263, stop 2025-10-02 11:16:27.005263
2025-10-02 20:16:27,146 - bot.py - INFO - Bootstrapping ETHUSDZ25: start 2025-10-01 12:16:27.005263, stop 2025-10-02 11:16:27.005263
2025-10-02 20:16:27,296 - bot.py - INFO - Bootstrapping XBTZ25: start 2025-10-01 12:16:27.005263, stop 2025-10-02 11:16:27.005263
2025-10-02 20:16:27,444 - bot.py - INFO - Calculating reference signals and their mean & std
2025-10-02 20:16:27,444 - bot.py - INFO - processor.init SUCCESS
2025-10-02 20:17:50,279 - bot.py - INFO - Bootstrapping reference prices for entire window
2025-10-02 20:17:50,279 - bot.py - INFO - Bootstrapping ETHZ25: start 2025-10-01 12:17:50.279352, stop 2025-10-02 11:17:50.279352
2025-10-02 20:17:50,427 - bot.py - INFO - Bootstrapping ETHUSDZ25: start 2025-10-01 12:17:50.279352, stop 2025-10-02 11:17:50.279352
2025-10-02 20:17:50,573 - bot.py - INFO - Bootstrapping XBTZ25: start 2025-10-01 12:17:50.279352, stop 2025-10-02 11:17:50.279352
2025-10-02 20:17:50,707 - bot.py - INFO - Calculating reference signals and their mean & std
2025-10-02 20:17:50,707 - bot.py - INFO - processor.init SUCCESS
2025-10-02 20:20:59,380 - bot.py - INFO - Bootstrapping reference prices for entire window
2025-10-02 20:20:59,380 - bot.py - INFO - Bootstrapping ETHZ25: start 2025-10-01 12:20:59.380041, stop 2025-10-02 11:20:59.380041
2025-10-02 20:20:59,531 - bot.py - INFO - Bootstrapping ETHUSDZ25: start 2025-10-01 12:20:59.380041, stop 2025-10-02 11:20:59.380041
2025-10-02 20:20:59,662 - bot.py - INFO - Bootstrapping XBTZ25: start 2025-10-01 12:20:59.380041, stop 2025-10-02 11:20:59.380041
2025-10-02 20:20:59,817 - bot.py - INFO - Calculating reference signals and their mean & std
2025-10-02 20:20:59,817 - bot.py - INFO - processor.init SUCCESS
2025-10-02 20:21:27,176 - bot.py - INFO - Bootstrapping reference prices for entire window
2025-10-02 20:21:27,176 - bot.py - INFO - Bootstrapping ETHZ25: start 2025-10-01 12:21:27.161113, stop 2025-10-02 11:21:27.161113
2025-10-02 20:21:27,336 - bot.py - INFO - Bootstrapping ETHUSDZ25: start 2025-10-01 12:21:27.161113, stop 2025-10-02 11:21:27.161113
2025-10-02 20:21:27,489 - bot.py - INFO - Bootstrapping XBTZ25: start 2025-10-01 12:21:27.161113, stop 2025-10-02 11:21:27.161113
2025-10-02 20:21:27,629 - bot.py - INFO - Calculating reference signals and their mean & std
2025-10-02 20:21:27,629 - bot.py - INFO - processor.init SUCCESS
2025-10-02 20:21:58,396 - bot.py - INFO - Bootstrapping reference prices for entire window
2025-10-02 20:21:58,396 - bot.py - INFO - Bootstrapping ETHZ25: start 2025-10-01 12:21:58.396364, stop 2025-10-02 11:21:58.396364
2025-10-02 20:21:58,552 - bot.py - INFO - Bootstrapping ETHUSDZ25: start 2025-10-01 12:21:58.396364, stop 2025-10-02 11:21:58.396364
2025-10-02 20:21:58,693 - bot.py - INFO - Bootstrapping XBTZ25: start 2025-10-01 12:21:58.396364, stop 2025-10-02 11:21:58.396364
2025-10-02 20:21:58,842 - bot.py - INFO - Calculating reference signals and their mean & std
2025-10-02 20:21:58,842 - bot.py - INFO - processor.init SUCCESS
2025-10-02 20:23:28,489 - bot.py - INFO - Bootstrapping reference prices for entire window
2025-10-02 20:23:28,489 - bot.py - INFO - Bootstrapping ETHZ25: start 2025-10-01 12:23:28.473765, stop 2025-10-02 11:23:28.473765
2025-10-02 20:23:28,614 - bot.py - INFO - Bootstrapping ETHUSDZ25: start 2025-10-01 12:23:28.473765, stop 2025-10-02 11:23:28.473765
2025-10-02 20:23:28,750 - bot.py - INFO - Bootstrapping XBTZ25: start 2025-10-01 12:23:28.473765, stop 2025-10-02 11:23:28.473765
2025-10-02 20:23:28,891 - bot.py - INFO - Calculating reference signals and their mean & std
2025-10-02 20:23:28,891 - bot.py - INFO - processor.init SUCCESS
2025-10-02 20:32:25,301 - bot.py - INFO - Bootstrapping reference prices for entire window
2025-10-02 20:32:25,301 - bot.py - INFO - Bootstrapping ETHZ25: start 2025-10-01 12:32:25.286262, stop 2025-10-02 11:32:25.286262
2025-10-02 20:32:25,488 - bot.py - INFO - Bootstrapping ETHUSDZ25: start 2025-10-01 12:32:25.286262, stop 2025-10-02 11:32:25.286262
2025-10-02 20:32:25,632 - bot.py - INFO - Bootstrapping XBTZ25: start 2025-10-01 12:32:25.286262, stop 2025-10-02 11:32:25.286262
2025-10-02 20:32:25,760 - bot.py - INFO - Calculating reference signals and their mean & std
2025-10-02 20:32:25,760 - bot.py - INFO - processor.init SUCCESS
2025-10-02 20:35:00,037 - bot.py - INFO - Bootstrapping reference prices for entire window
2025-10-02 20:35:00,037 - bot.py - INFO - Bootstrapping ETHZ25: start 2025-10-01 12:35:00.037313, stop 2025-10-02 11:35:00.037313
2025-10-02 20:35:00,195 - bot.py - INFO - Bootstrapping ETHUSDZ25: start 2025-10-01 12:35:00.037313, stop 2025-10-02 11:35:00.037313
2025-10-02 20:35:00,375 - bot.py - INFO - Bootstrapping XBTZ25: start 2025-10-01 12:35:00.037313, stop 2025-10-02 11:35:00.037313
2025-10-02 20:35:00,517 - bot.py - INFO - Calculating reference signals and their mean & std
2025-10-02 20:35:00,517 - bot.py - INFO - processor.init SUCCESS
2025-10-02 20:35:44,618 - bot.py - INFO - Bootstrapping reference prices for entire window
2025-10-02 20:35:44,618 - bot.py - INFO - Bootstrapping ETHZ25: start 2025-10-01 12:35:44.616465, stop 2025-10-02 11:35:44.616465
2025-10-02 20:35:44,776 - bot.py - INFO - Bootstrapping ETHUSDZ25: start 2025-10-01 12:35:44.616465, stop 2025-10-02 11:35:44.616465
2025-10-02 20:35:44,901 - bot.py - INFO - Bootstrapping XBTZ25: start 2025-10-01 12:35:44.616465, stop 2025-10-02 11:35:44.616465
2025-10-02 20:35:45,051 - bot.py - INFO - Calculating reference signals and their mean & std
2025-10-02 20:35:45,051 - bot.py - INFO - processor.init SUCCESS
2025-10-02 20:36:29,748 - bot.py - INFO - Bootstrapping reference prices for entire window
2025-10-02 20:36:29,748 - bot.py - INFO - Bootstrapping ETHZ25: start 2025-10-01 12:36:29.748772, stop 2025-10-02 11:36:29.748772
2025-10-02 20:36:29,883 - bot.py - INFO - Bootstrapping ETHUSDZ25: start 2025-10-01 12:36:29.748772, stop 2025-10-02 11:36:29.748772
2025-10-02 20:36:30,039 - bot.py - INFO - Bootstrapping XBTZ25: start 2025-10-01 12:36:29.748772, stop 2025-10-02 11:36:29.748772
2025-10-02 20:36:30,190 - bot.py - INFO - Calculating reference signals and their mean & std
2025-10-02 20:36:30,190 - bot.py - INFO - processor.init SUCCESS
2025-10-02 20:38:49,713 - bot.py - INFO - Bootstrapping reference prices for entire window
2025-10-02 20:38:49,713 - bot.py - INFO - Bootstrapping ETHZ25: start 2025-10-01 12:38:49.713950, stop 2025-10-02 11:38:49.713950
2025-10-02 20:38:49,865 - bot.py - INFO - Bootstrapping ETHUSDZ25: start 2025-10-01 12:38:49.713950, stop 2025-10-02 11:38:49.713950
2025-10-02 20:38:50,024 - bot.py - INFO - Bootstrapping XBTZ25: start 2025-10-01 12:38:49.713950, stop 2025-10-02 11:38:49.713950
2025-10-02 20:38:50,167 - bot.py - INFO - Calculating reference signals and their mean & std
2025-10-02 20:38:50,168 - bot.py - INFO - processor.init SUCCESS
2025-10-02 20:39:43,106 - bot.py - INFO - Bootstrapping reference prices for entire window
2025-10-02 20:39:43,106 - bot.py - INFO - Bootstrapping ETHZ25: start 2025-10-01 12:39:43.106780, stop 2025-10-02 11:39:43.106780
2025-10-02 20:39:43,239 - bot.py - INFO - Bootstrapping ETHUSDZ25: start 2025-10-01 12:39:43.106780, stop 2025-10-02 11:39:43.106780
2025-10-02 20:39:43,408 - bot.py - INFO - Bootstrapping XBTZ25: start 2025-10-01 12:39:43.106780, stop 2025-10-02 11:39:43.106780
2025-10-02 20:39:43,535 - bot.py - INFO - Calculating reference signals and their mean & std
2025-10-02 20:39:43,535 - bot.py - INFO - processor.init SUCCESS
2025-10-02 20:42:16,054 - bot.py - INFO - Bootstrapping reference prices for entire window
2025-10-02 20:42:16,054 - bot.py - INFO - Bootstrapping ETHZ25: start 2025-10-01 12:42:16.054310, stop 2025-10-02 11:42:16.054310
2025-10-02 20:42:16,193 - bot.py - INFO - Bootstrapping ETHUSDZ25: start 2025-10-01 12:42:16.054310, stop 2025-10-02 11:42:16.054310
2025-10-02 20:42:16,366 - bot.py - INFO - Bootstrapping XBTZ25: start 2025-10-01 12:42:16.054310, stop 2025-10-02 11:42:16.054310
2025-10-02 20:42:16,520 - bot.py - INFO - Calculating reference signals and their mean & std
2025-10-02 20:42:16,520 - bot.py - INFO - processor.init SUCCESS
2025-10-02 20:42:17,523 - bot.py - WARNING - Insufficient orderbook depth for ETHUSDZ25 notional $1000, notional used is bid: $140, ask: $1000
2025-10-02 20:43:44,941 - bot.py - INFO - Bootstrapping reference prices for entire window
2025-10-02 20:43:44,941 - bot.py - INFO - Bootstrapping ETHZ25: start 2025-10-01 12:43:44.941894, stop 2025-10-02 11:43:44.941894
2025-10-02 20:43:45,082 - bot.py - INFO - Bootstrapping ETHUSDZ25: start 2025-10-01 12:43:44.941894, stop 2025-10-02 11:43:44.941894
2025-10-02 20:43:45,255 - bot.py - INFO - Bootstrapping XBTZ25: start 2025-10-01 12:43:44.941894, stop 2025-10-02 11:43:44.941894
2025-10-02 20:43:45,397 - bot.py - INFO - Calculating reference signals and their mean & std
2025-10-02 20:43:45,397 - bot.py - INFO - processor.init SUCCESS
2025-10-02 20:43:46,412 - bot.py - WARNING - Insufficient orderbook depth for ETHUSDZ25 notional $1000, notional used is bid: $140, ask: $1000
2025-10-02 20:45:06,961 - bot.py - INFO - Bootstrapping reference prices for entire window
2025-10-02 20:45:06,961 - bot.py - INFO - Bootstrapping ETHZ25: start 2025-10-01 12:45:06.961042, stop 2025-10-02 11:45:06.961042
2025-10-02 20:45:07,146 - bot.py - INFO - Bootstrapping ETHUSDZ25: start 2025-10-01 12:45:06.961042, stop 2025-10-02 11:45:06.961042
2025-10-02 20:45:07,303 - bot.py - INFO - Bootstrapping XBTZ25: start 2025-10-01 12:45:06.961042, stop 2025-10-02 11:45:06.961042
2025-10-02 20:45:07,448 - bot.py - INFO - Calculating reference signals and their mean & std
2025-10-02 20:45:07,448 - bot.py - INFO - processor.init SUCCESS
2025-10-02 20:45:08,463 - bot.py - WARNING - Insufficient orderbook depth for ETHUSDZ25 notional $1000, notional used is bid: $140, ask: $1000
2025-10-02 20:46:26,632 - bot.py - INFO - Bootstrapping reference prices for entire window
2025-10-02 20:46:26,632 - bot.py - INFO - Bootstrapping ETHZ25: start 2025-10-01 12:46:26.630230, stop 2025-10-02 11:46:26.630230
2025-10-02 20:46:26,787 - bot.py - INFO - Bootstrapping ETHUSDZ25: start 2025-10-01 12:46:26.630230, stop 2025-10-02 11:46:26.630230
2025-10-02 20:46:26,942 - bot.py - INFO - Bootstrapping XBTZ25: start 2025-10-01 12:46:26.630230, stop 2025-10-02 11:46:26.630230
2025-10-02 20:46:27,091 - bot.py - INFO - Calculating reference signals and their mean & std
2025-10-02 20:46:27,091 - bot.py - INFO - processor.init SUCCESS
2025-10-02 20:46:28,096 - bot.py - WARNING - Insufficient orderbook depth for ETHUSDZ25 notional $1000, notional used is bid: $140, ask: $1000
2025-10-02 20:46:38,099 - bot.py - WARNING - Insufficient orderbook depth for ETHUSDZ25 notional $1000, notional used is bid: $140, ask: $1000
2025-10-03 22:48:14,717 - bot.py - INFO - Bootstrapping reference prices for entire window
2025-10-03 22:48:14,717 - bot.py - INFO - Bootstrapping ETHZ25: start 2025-10-02 14:48:14.713992, stop 2025-10-03 13:48:14.713992
2025-10-03 22:48:14,875 - bot.py - INFO - Bootstrapping ETHUSDZ25: start 2025-10-02 14:48:14.713992, stop 2025-10-03 13:48:14.713992
2025-10-03 22:48:15,027 - bot.py - INFO - Bootstrapping XBTZ25: start 2025-10-02 14:48:14.713992, stop 2025-10-03 13:48:14.713992
2025-10-03 22:48:15,169 - bot.py - INFO - Calculating reference signals and their mean & std
2025-10-03 22:48:15,171 - bot.py - INFO - processor.init SUCCESS
2025-10-03 22:52:06,860 - bot.py - INFO - Bootstrapping reference prices for entire window
2025-10-03 22:52:06,860 - bot.py - INFO - Bootstrapping ETHZ25: start 2025-10-02 14:52:06.858324, stop 2025-10-03 13:52:06.858324
2025-10-03 22:52:07,014 - bot.py - INFO - Bootstrapping ETHUSDZ25: start 2025-10-02 14:52:06.858324, stop 2025-10-03 13:52:06.858324
2025-10-03 22:52:07,152 - bot.py - INFO - Bootstrapping XBTZ25: start 2025-10-02 14:52:06.858324, stop 2025-10-03 13:52:06.858324
2025-10-03 22:52:07,407 - bot.py - INFO - Calculating reference signals and their mean & std
2025-10-03 22:52:07,408 - bot.py - INFO - processor.init SUCCESS
2025-10-03 22:54:29,142 - bot.py - INFO - Bootstrapping reference prices for entire window
2025-10-03 22:54:29,142 - bot.py - INFO - Bootstrapping ETHZ25: start 2025-10-02 14:54:29.142189, stop 2025-10-03 13:54:29.142189
2025-10-03 22:54:29,469 - bot.py - INFO - Bootstrapping ETHUSDZ25: start 2025-10-02 14:54:29.142189, stop 2025-10-03 13:54:29.142189
2025-10-03 22:54:29,626 - bot.py - INFO - Bootstrapping XBTZ25: start 2025-10-02 14:54:29.142189, stop 2025-10-03 13:54:29.142189
2025-10-03 22:54:29,776 - bot.py - INFO - Calculating reference signals and their mean & std
2025-10-03 22:54:29,777 - bot.py - INFO - processor.init SUCCESS
2025-10-03 22:57:54,296 - bot.py - INFO - Bootstrapping reference prices for entire window
2025-10-03 22:57:54,296 - bot.py - INFO - Bootstrapping ETHZ25: start 2025-10-02 14:57:54.296913, stop 2025-10-03 13:57:54.296913
2025-10-03 22:57:54,449 - bot.py - INFO - Bootstrapping ETHUSDZ25: start 2025-10-02 14:57:54.296913, stop 2025-10-03 13:57:54.296913
2025-10-03 22:57:54,597 - bot.py - INFO - Bootstrapping XBTZ25: start 2025-10-02 14:57:54.296913, stop 2025-10-03 13:57:54.296913
2025-10-03 22:57:54,721 - bot.py - INFO - Calculating reference signals and their mean & std
2025-10-03 22:57:54,736 - bot.py - INFO - processor.init SUCCESS
2025-10-03 23:00:21,100 - bot.py - INFO - Bootstrapping reference prices for entire window
2025-10-03 23:00:21,100 - bot.py - INFO - Bootstrapping ETHZ25: start 2025-10-02 15:00:21.098513, stop 2025-10-03 14:00:21.098513
2025-10-03 23:00:21,258 - bot.py - INFO - Bootstrapping ETHUSDZ25: start 2025-10-02 15:00:21.098513, stop 2025-10-03 14:00:21.098513
2025-10-03 23:00:21,414 - bot.py - INFO - Bootstrapping XBTZ25: start 2025-10-02 15:00:21.098513, stop 2025-10-03 14:00:21.098513
2025-10-03 23:00:21,566 - bot.py - INFO - Calculating reference signals and their mean & std
2025-10-03 23:00:21,567 - bot.py - INFO - processor.init SUCCESS
2025-10-03 23:00:22,570 - bot.py - WARNING - Insufficient orderbook depth for ETHUSDZ25 notional $1000, notional used is bid: $130, ask: $1000
2025-10-03 23:02:41,907 - bot.py - INFO - Bootstrapping reference prices for entire window
2025-10-03 23:02:41,907 - bot.py - INFO - Bootstrapping ETHZ25: start 2025-10-02 15:02:41.907101, stop 2025-10-03 14:02:41.907101
2025-10-03 23:02:42,059 - bot.py - INFO - Bootstrapping ETHUSDZ25: start 2025-10-02 15:02:41.907101, stop 2025-10-03 14:02:41.907101
2025-10-03 23:02:42,276 - bot.py - INFO - Bootstrapping XBTZ25: start 2025-10-02 15:02:41.907101, stop 2025-10-03 14:02:41.907101
2025-10-03 23:02:42,607 - bot.py - INFO - Calculating reference signals and their mean & std
2025-10-03 23:02:42,607 - bot.py - INFO - processor.init SUCCESS
2025-10-03 23:02:43,609 - bot.py - WARNING - Insufficient orderbook depth for ETHUSDZ25 notional $1000, notional used is bid: $160, ask: $1000
2025-10-03 23:02:53,613 - bot.py - WARNING - Insufficient orderbook depth for ETHUSDZ25 notional $1000, notional used is bid: $160, ask: $1000
2025-10-03 23:03:03,984 - bot.py - INFO - Bootstrapping reference prices for entire window
2025-10-03 23:03:03,984 - bot.py - INFO - Bootstrapping ETHZ25: start 2025-10-02 15:03:03.984650, stop 2025-10-03 14:03:03.984650
2025-10-03 23:03:04,163 - bot.py - INFO - Bootstrapping ETHUSDZ25: start 2025-10-02 15:03:03.984650, stop 2025-10-03 14:03:03.984650
2025-10-03 23:03:04,328 - bot.py - INFO - Bootstrapping XBTZ25: start 2025-10-02 15:03:03.984650, stop 2025-10-03 14:03:03.984650
2025-10-03 23:03:04,485 - bot.py - INFO - Calculating reference signals and their mean & std
2025-10-03 23:03:04,485 - bot.py - INFO - processor.init SUCCESS
2025-10-03 23:03:39,297 - bot.py - INFO - Bootstrapping reference prices for entire window
2025-10-03 23:03:39,297 - bot.py - INFO - Bootstrapping ETHZ25: start 2025-10-02 15:03:39.297578, stop 2025-10-03 14:03:39.297578
2025-10-03 23:03:39,485 - bot.py - INFO - Bootstrapping ETHUSDZ25: start 2025-10-02 15:03:39.297578, stop 2025-10-03 14:03:39.297578
2025-10-03 23:03:39,607 - bot.py - INFO - Bootstrapping XBTZ25: start 2025-10-02 15:03:39.297578, stop 2025-10-03 14:03:39.297578
2025-10-03 23:03:39,753 - bot.py - INFO - Calculating reference signals and their mean & std
2025-10-03 23:03:39,753 - bot.py - INFO - processor.init SUCCESS
2025-10-03 23:03:40,763 - bot.py - WARNING - Insufficient orderbook depth for ETHUSDZ25 notional $1000, notional used is bid: $144, ask: $1000
